<?xml version="1.0" encoding="UTF-8"?>
<!-- Generated by org.testng.reporters.JUnitReportReporter -->
<testsuite hostname="V2TF86" name="testig.Captcha.App" tests="1" failures="0" timestamp="2 Jul 2019 15:03:04 GMT" time="10.699" errors="0">
  <testcase name="captcha" time="10.699" classname="testig.Captcha.App"/>
</testsuite>
