<?xml version="1.0" encoding="UTF-8"?>
<!-- Generated by org.testng.reporters.JUnitReportReporter -->
<testsuite skipped="0" hostname="V2TF86" name="ocr_image.ocr" tests="1" failures="0" timestamp="01 Oct 2019 11:02:12 GMT" time="10.853" errors="0">
  <testcase name="test" time="10.853" classname="ocr_image.ocr"/>
</testsuite> <!-- ocr_image.ocr -->
