<?xml version="1.0" encoding="UTF-8"?>
<!-- Generated by org.testng.reporters.JUnitReportReporter -->
<testsuite skipped="0" hostname="V2TF86" name="Maven_Hiremee_captcha.cpatcha.main_file" tests="1" failures="0" timestamp="27 Aug 2019 12:42:55 GMT" time="15.348" errors="0">
  <testcase name="login" time="15.348" classname="Maven_Hiremee_captcha.cpatcha.main_file"/>
</testsuite> <!-- Maven_Hiremee_captcha.cpatcha.main_file -->
